TN:
SF:src\App.tsx
FN:4,App
FNF:1
FNH:0
FNDA:0,App
DA:5,0
LF:1
LH:0
BRF:0
BRH:0
end_of_record
TN:
SF:src\components\Canvas.tsx
FN:27,installDebug
FN:28,(anonymous_1)
FN:30,(anonymous_2)
FN:31,(anonymous_3)
FN:37,(anonymous_4)
FN:45,(anonymous_5)
FN:60,(anonymous_6)
FN:84,EditorSync
FN:86,(anonymous_8)
FN:89,(anonymous_9)
FN:96,(anonymous_10)
FN:107,(anonymous_11)
FN:120,(anonymous_12)
FN:135,(anonymous_13)
FN:138,(anonymous_14)
FN:173,(anonymous_15)
FN:176,(anonymous_16)
FN:182,(anonymous_17)
FN:191,ZoomControls
FN:194,(anonymous_19)
FN:198,(anonymous_20)
FN:202,(anonymous_21)
FN:233,Canvas
FNF:23
FNH:0
FNDA:0,installDebug
FNDA:0,(anonymous_1)
FNDA:0,(anonymous_2)
FNDA:0,(anonymous_3)
FNDA:0,(anonymous_4)
FNDA:0,(anonymous_5)
FNDA:0,(anonymous_6)
FNDA:0,EditorSync
FNDA:0,(anonymous_8)
FNDA:0,(anonymous_9)
FNDA:0,(anonymous_10)
FNDA:0,(anonymous_11)
FNDA:0,(anonymous_12)
FNDA:0,(anonymous_13)
FNDA:0,(anonymous_14)
FNDA:0,(anonymous_15)
FNDA:0,(anonymous_16)
FNDA:0,(anonymous_17)
FNDA:0,ZoomControls
FNDA:0,(anonymous_19)
FNDA:0,(anonymous_20)
FNDA:0,(anonymous_21)
FNDA:0,Canvas
DA:28,0
DA:29,0
DA:30,0
DA:31,0
DA:32,0
DA:34,0
DA:35,0
DA:36,0
DA:37,0
DA:38,0
DA:39,0
DA:45,0
DA:46,0
DA:47,0
DA:48,0
DA:49,0
DA:50,0
DA:60,0
DA:61,0
DA:62,0
DA:63,0
DA:72,0
DA:82,0
DA:85,0
DA:86,0
DA:87,0
DA:89,0
DA:90,0
DA:93,0
DA:96,0
DA:97,0
DA:98,0
DA:102,0
DA:103,0
DA:107,0
DA:108,0
DA:109,0
DA:112,0
DA:113,0
DA:114,0
DA:115,0
DA:116,0
DA:117,0
DA:118,0
DA:119,0
DA:120,0
DA:121,0
DA:127,0
DA:128,0
DA:129,0
DA:130,0
DA:131,0
DA:132,0
DA:133,0
DA:134,0
DA:135,0
DA:136,0
DA:137,0
DA:138,0
DA:144,0
DA:146,0
DA:147,0
DA:148,0
DA:149,0
DA:152,0
DA:153,0
DA:154,0
DA:155,0
DA:156,0
DA:157,0
DA:160,0
DA:162,0
DA:166,0
DA:167,0
DA:168,0
DA:169,0
DA:172,0
DA:173,0
DA:174,0
DA:175,0
DA:176,0
DA:182,0
DA:183,0
DA:184,0
DA:188,0
DA:192,0
DA:194,0
DA:195,0
DA:198,0
DA:199,0
DA:202,0
DA:203,0
DA:206,0
DA:234,0
LF:94
LH:0
BRDA:35,0,0,0
BRDA:35,0,1,0
BRDA:48,1,0,0
BRDA:48,1,1,0
BRDA:61,2,0,0
BRDA:61,2,1,0
BRDA:97,3,0,0
BRDA:97,3,1,0
BRDA:102,4,0,0
BRDA:102,4,1,0
BRDA:109,5,0,0
BRDA:109,5,1,0
BRDA:112,6,0,0
BRDA:112,6,1,0
BRDA:114,7,0,0
BRDA:114,7,1,0
BRDA:116,8,0,0
BRDA:116,8,1,0
BRDA:118,9,0,0
BRDA:118,9,1,0
BRDA:118,10,0,0
BRDA:118,10,1,0
BRDA:120,11,0,0
BRDA:120,11,1,0
BRDA:127,12,0,0
BRDA:127,12,1,0
BRDA:129,13,0,0
BRDA:129,13,1,0
BRDA:131,14,0,0
BRDA:131,14,1,0
BRDA:133,15,0,0
BRDA:133,15,1,0
BRDA:136,16,0,0
BRDA:136,16,1,0
BRDA:144,17,0,0
BRDA:144,17,1,0
BRDA:147,18,0,0
BRDA:147,18,1,0
BRDA:152,19,0,0
BRDA:152,19,1,0
BRDA:156,20,0,0
BRDA:156,20,1,0
BRDA:156,21,0,0
BRDA:156,21,1,0
BRDA:166,22,0,0
BRDA:166,22,1,0
BRDA:169,23,0,0
BRDA:169,23,1,0
BRDA:169,24,0,0
BRDA:169,24,1,0
BRDA:174,25,0,0
BRDA:174,25,1,0
BRDA:174,26,0,0
BRDA:174,26,1,0
BRDA:176,27,0,0
BRDA:176,27,1,0
BRF:56
BRH:0
end_of_record
TN:
SF:src\components\ErrorBoundary.tsx
FN:13,constructor
FN:18,getDerivedStateFromError
FN:22,render
FN:42,(anonymous_3)
FNF:4
FNH:0
FNDA:0,constructor
FNDA:0,getDerivedStateFromError
FNDA:0,render
FNDA:0,(anonymous_3)
DA:14,0
DA:15,0
DA:19,0
DA:23,0
DA:24,0
DA:43,0
DA:44,0
DA:62,0
LF:8
LH:0
BRDA:23,0,0,0
BRDA:23,0,1,0
BRDA:39,1,0,0
BRDA:39,1,1,0
BRF:4
BRH:0
end_of_record
TN:
SF:src\components\Layout.tsx
FN:22,Layout
FN:32,(anonymous_1)
FN:33,(anonymous_2)
FN:34,(anonymous_3)
FN:38,(anonymous_4)
FN:39,(anonymous_5)
FN:40,(anonymous_6)
FN:43,(anonymous_7)
FN:52,(anonymous_8)
FN:55,(anonymous_9)
FN:63,(anonymous_10)
FN:64,(anonymous_11)
FN:91,(anonymous_12)
FN:94,(anonymous_13)
FN:104,(anonymous_14)
FN:115,(anonymous_15)
FN:117,(anonymous_16)
FN:121,(anonymous_17)
FN:134,(anonymous_18)
FN:136,(anonymous_19)
FN:143,(anonymous_20)
FN:154,(anonymous_21)
FN:161,(anonymous_22)
FN:167,(anonymous_23)
FN:175,(anonymous_24)
FN:194,(anonymous_25)
FN:212,(anonymous_26)
FN:221,(anonymous_27)
FN:226,(anonymous_28)
FN:240,(anonymous_29)
FN:248,(anonymous_30)
FN:272,(anonymous_31)
FN:280,(anonymous_32)
FN:283,(anonymous_33)
FN:286,(anonymous_34)
FN:299,(anonymous_35)
FN:305,(anonymous_36)
FN:311,(anonymous_37)
FN:317,(anonymous_38)
FN:323,(anonymous_39)
FN:329,(anonymous_40)
FN:336,(anonymous_41)
FN:359,(anonymous_42)
FN:364,(anonymous_43)
FN:369,(anonymous_44)
FN:374,(anonymous_45)
FN:379,(anonymous_46)
FN:391,(anonymous_47)
FN:395,(anonymous_48)
FN:411,(anonymous_49)
FN:418,(anonymous_50)
FN:428,(anonymous_51)
FN:435,(anonymous_52)
FN:441,(anonymous_53)
FN:467,(anonymous_54)
FN:544,ToolButton
FN:566,TabButton
FN:585,ViewDirectionIndicator
FN:586,(anonymous_58)
FN:587,(anonymous_59)
FN:600,(anonymous_60)
FN:629,downloadBlob
FN:636,(anonymous_62)
FNF:63
FNH:0
FNDA:0,Layout
FNDA:0,(anonymous_1)
FNDA:0,(anonymous_2)
FNDA:0,(anonymous_3)
FNDA:0,(anonymous_4)
FNDA:0,(anonymous_5)
FNDA:0,(anonymous_6)
FNDA:0,(anonymous_7)
FNDA:0,(anonymous_8)
FNDA:0,(anonymous_9)
FNDA:0,(anonymous_10)
FNDA:0,(anonymous_11)
FNDA:0,(anonymous_12)
FNDA:0,(anonymous_13)
FNDA:0,(anonymous_14)
FNDA:0,(anonymous_15)
FNDA:0,(anonymous_16)
FNDA:0,(anonymous_17)
FNDA:0,(anonymous_18)
FNDA:0,(anonymous_19)
FNDA:0,(anonymous_20)
FNDA:0,(anonymous_21)
FNDA:0,(anonymous_22)
FNDA:0,(anonymous_23)
FNDA:0,(anonymous_24)
FNDA:0,(anonymous_25)
FNDA:0,(anonymous_26)
FNDA:0,(anonymous_27)
FNDA:0,(anonymous_28)
FNDA:0,(anonymous_29)
FNDA:0,(anonymous_30)
FNDA:0,(anonymous_31)
FNDA:0,(anonymous_32)
FNDA:0,(anonymous_33)
FNDA:0,(anonymous_34)
FNDA:0,(anonymous_35)
FNDA:0,(anonymous_36)
FNDA:0,(anonymous_37)
FNDA:0,(anonymous_38)
FNDA:0,(anonymous_39)
FNDA:0,(anonymous_40)
FNDA:0,(anonymous_41)
FNDA:0,(anonymous_42)
FNDA:0,(anonymous_43)
FNDA:0,(anonymous_44)
FNDA:0,(anonymous_45)
FNDA:0,(anonymous_46)
FNDA:0,(anonymous_47)
FNDA:0,(anonymous_48)
FNDA:0,(anonymous_49)
FNDA:0,(anonymous_50)
FNDA:0,(anonymous_51)
FNDA:0,(anonymous_52)
FNDA:0,(anonymous_53)
FNDA:0,(anonymous_54)
FNDA:0,ToolButton
FNDA:0,TabButton
FNDA:0,ViewDirectionIndicator
FNDA:0,(anonymous_58)
FNDA:0,(anonymous_59)
FNDA:0,(anonymous_60)
FNDA:0,downloadBlob
FNDA:0,(anonymous_62)
DA:6,0
DA:23,0
DA:24,0
DA:27,0
DA:28,0
DA:29,0
DA:30,0
DA:32,0
DA:33,0
DA:34,0
DA:35,0
DA:37,0
DA:38,0
DA:39,0
DA:40,0
DA:43,0
DA:44,0
DA:45,0
DA:46,0
DA:47,0
DA:52,0
DA:53,0
DA:54,0
DA:55,0
DA:56,0
DA:57,0
DA:63,0
DA:64,0
DA:66,0
DA:67,0
DA:69,0
DA:70,0
DA:71,0
DA:72,0
DA:73,0
DA:74,0
DA:75,0
DA:76,0
DA:77,0
DA:78,0
DA:79,0
DA:80,0
DA:81,0
DA:82,0
DA:83,0
DA:84,0
DA:85,0
DA:86,0
DA:90,0
DA:91,0
DA:94,0
DA:96,0
DA:97,0
DA:98,0
DA:104,0
DA:105,0
DA:106,0
DA:107,0
DA:109,0
DA:110,0
DA:115,0
DA:116,0
DA:118,0
DA:119,0
DA:122,0
DA:124,0
DA:129,0
DA:134,0
DA:135,0
DA:136,0
DA:137,0
DA:138,0
DA:139,0
DA:143,0
DA:144,0
DA:145,0
DA:146,0
DA:154,0
DA:155,0
DA:156,0
DA:157,0
DA:158,0
DA:161,0
DA:162,0
DA:163,0
DA:164,0
DA:165,0
DA:167,0
DA:168,0
DA:169,0
DA:171,0
DA:175,0
DA:176,0
DA:177,0
DA:178,0
DA:180,0
DA:181,0
DA:182,0
DA:183,0
DA:184,0
DA:187,0
DA:190,0
DA:194,0
DA:195,0
DA:196,0
DA:197,0
DA:199,0
DA:200,0
DA:201,0
DA:202,0
DA:205,0
DA:208,0
DA:212,0
DA:213,0
DA:214,0
DA:215,0
DA:217,0
DA:218,0
DA:219,0
DA:220,0
DA:223,0
DA:226,0
DA:231,0
DA:232,0
DA:233,0
DA:234,0
DA:236,0
DA:240,0
DA:242,0
DA:248,0
DA:272,0
DA:280,0
DA:283,0
DA:286,0
DA:299,0
DA:305,0
DA:311,0
DA:317,0
DA:323,0
DA:329,0
DA:337,0
DA:338,0
DA:359,0
DA:364,0
DA:369,0
DA:374,0
DA:379,0
DA:392,0
DA:395,0
DA:411,0
DA:418,0
DA:428,0
DA:435,0
DA:442,0
DA:443,0
DA:444,0
DA:450,0
DA:467,0
DA:555,0
DA:575,0
DA:586,0
DA:587,0
DA:589,0
DA:600,0
DA:601,0
DA:602,0
DA:603,0
DA:606,0
DA:608,0
DA:630,0
DA:631,0
DA:632,0
DA:633,0
DA:634,0
DA:636,0
LF:175
LH:0
BRDA:45,0,0,0
BRDA:45,0,1,0
BRDA:53,1,0,0
BRDA:53,1,1,0
BRDA:57,2,0,0
BRDA:57,2,1,0
BRDA:66,3,0,0
BRDA:66,3,1,0
BRDA:67,4,0,0
BRDA:67,4,1,0
BRDA:67,5,0,0
BRDA:67,5,1,0
BRDA:69,6,0,0
BRDA:69,6,1,0
BRDA:70,7,0,0
BRDA:70,7,1,0
BRDA:70,8,0,0
BRDA:70,8,1,0
BRDA:73,9,0,0
BRDA:73,9,1,0
BRDA:73,10,0,0
BRDA:73,10,1,0
BRDA:76,11,0,0
BRDA:76,11,1,0
BRDA:76,12,0,0
BRDA:76,12,1,0
BRDA:79,13,0,0
BRDA:79,13,1,0
BRDA:79,14,0,0
BRDA:79,14,1,0
BRDA:82,15,0,0
BRDA:82,15,1,0
BRDA:82,16,0,0
BRDA:82,16,1,0
BRDA:84,17,0,0
BRDA:84,17,1,0
BRDA:97,18,0,0
BRDA:97,18,1,0
BRDA:107,19,0,0
BRDA:107,19,1,0
BRDA:109,20,0,0
BRDA:109,20,1,0
BRDA:122,21,0,0
BRDA:122,21,1,0
BRDA:124,22,0,0
BRDA:124,22,1,0
BRDA:126,23,0,0
BRDA:126,23,1,0
BRDA:137,24,0,0
BRDA:137,24,1,0
BRDA:163,25,0,0
BRDA:163,25,1,0
BRDA:168,26,0,0
BRDA:168,26,1,0
BRDA:176,27,0,0
BRDA:176,27,1,0
BRDA:187,28,0,0
BRDA:187,28,1,0
BRDA:195,29,0,0
BRDA:195,29,1,0
BRDA:205,30,0,0
BRDA:205,30,1,0
BRDA:213,31,0,0
BRDA:213,31,1,0
BRDA:223,32,0,0
BRDA:223,32,1,0
BRDA:338,33,0,0
BRDA:338,33,1,0
BRDA:382,34,0,0
BRDA:382,34,1,0
BRDA:383,35,0,0
BRDA:383,35,1,0
BRDA:384,36,0,0
BRDA:384,36,1,0
BRDA:385,37,0,0
BRDA:385,37,1,0
BRDA:386,38,0,0
BRDA:386,38,1,0
BRDA:389,39,0,0
BRDA:389,39,1,0
BRDA:412,40,0,0
BRDA:412,40,1,0
BRDA:443,41,0,0
BRDA:443,41,1,0
BRDA:461,42,0,0
BRDA:461,42,1,0
BRDA:557,43,0,0
BRDA:557,43,1,0
BRDA:577,44,0,0
BRDA:577,44,1,0
BRDA:606,45,0,0
BRDA:606,45,1,0
BRF:92
BRH:0
end_of_record
TN:
SF:src\components\StatusBar.tsx
FN:3,StatusBar
FN:4,(anonymous_1)
FN:5,(anonymous_2)
FN:6,(anonymous_3)
FNF:4
FNH:0
FNDA:0,StatusBar
FNDA:0,(anonymous_1)
FNDA:0,(anonymous_2)
FNDA:0,(anonymous_3)
DA:4,0
DA:5,0
DA:6,0
DA:8,0
LF:4
LH:0
BRF:0
BRH:0
end_of_record
TN:
SF:src\components\Toast.tsx
FN:12,showToast
FN:16,ToastContainer
FN:20,(anonymous_2)
FN:26,(anonymous_3)
FN:26,(anonymous_4)
FN:29,(anonymous_5)
FN:30,(anonymous_6)
FN:32,(anonymous_7)
FN:33,(anonymous_8)
FN:36,(anonymous_9)
FN:45,(anonymous_10)
FN:55,(anonymous_11)
FNF:12
FNH:0
FNDA:0,showToast
FNDA:0,ToastContainer
FNDA:0,(anonymous_2)
FNDA:0,(anonymous_3)
FNDA:0,(anonymous_4)
FNDA:0,(anonymous_5)
FNDA:0,(anonymous_6)
FNDA:0,(anonymous_7)
FNDA:0,(anonymous_8)
FNDA:0,(anonymous_9)
FNDA:0,(anonymous_10)
FNDA:0,(anonymous_11)
DA:9,1
DA:10,1
DA:13,0
DA:17,0
DA:18,0
DA:20,0
DA:21,0
DA:22,0
DA:23,0
DA:24,0
DA:26,0
DA:29,0
DA:30,0
DA:31,0
DA:32,0
DA:33,0
DA:34,0
DA:36,0
DA:37,0
DA:41,0
DA:43,0
DA:46,0
DA:55,0
LF:23
LH:2
BRDA:12,0,0,0
BRDA:22,1,0,0
BRDA:22,1,1,0
BRDA:41,2,0,0
BRDA:41,2,1,0
BRDA:49,3,0,0
BRDA:49,3,1,0
BRDA:51,4,0,0
BRDA:51,4,1,0
BRF:9
BRH:0
end_of_record
TN:
SF:src\components\ViewControls.tsx
FN:9,ViewControls
FN:10,(anonymous_1)
FN:11,(anonymous_2)
FN:16,(anonymous_3)
FN:19,(anonymous_4)
FNF:5
FNH:0
FNDA:0,ViewControls
FNDA:0,(anonymous_1)
FNDA:0,(anonymous_2)
FNDA:0,(anonymous_3)
FNDA:0,(anonymous_4)
DA:4,0
DA:10,0
DA:11,0
DA:13,0
DA:17,0
DA:19,0
LF:6
LH:0
BRDA:21,0,0,0
BRDA:21,0,1,0
BRF:2
BRH:0
end_of_record
TN:
SF:src\components\ZSlider.tsx
FN:5,ZSlider
FN:6,(anonymous_1)
FN:7,(anonymous_2)
FN:8,(anonymous_3)
FN:9,(anonymous_4)
FN:10,(anonymous_5)
FN:15,(anonymous_6)
FN:18,(anonymous_7)
FN:27,(anonymous_8)
FN:29,(anonymous_9)
FN:34,(anonymous_10)
FN:43,(anonymous_11)
FN:54,(anonymous_12)
FN:83,(anonymous_13)
FNF:14
FNH:0
FNDA:0,ZSlider
FNDA:0,(anonymous_1)
FNDA:0,(anonymous_2)
FNDA:0,(anonymous_3)
FNDA:0,(anonymous_4)
FNDA:0,(anonymous_5)
FNDA:0,(anonymous_6)
FNDA:0,(anonymous_7)
FNDA:0,(anonymous_8)
FNDA:0,(anonymous_9)
FNDA:0,(anonymous_10)
FNDA:0,(anonymous_11)
FNDA:0,(anonymous_12)
FNDA:0,(anonymous_13)
DA:6,0
DA:7,0
DA:8,0
DA:9,0
DA:10,0
DA:11,0
DA:12,0
DA:15,0
DA:16,0
DA:18,0
DA:19,0
DA:22,0
DA:25,0
DA:27,0
DA:28,0
DA:29,0
DA:31,0
DA:32,0
DA:33,0
DA:34,0
DA:35,0
DA:36,0
DA:39,0
DA:43,0
DA:44,0
DA:45,0
DA:46,0
DA:47,0
DA:48,0
DA:49,0
DA:54,0
DA:55,0
DA:57,0
DA:58,0
DA:59,0
DA:60,0
DA:61,0
DA:62,0
DA:63,0
DA:69,0
DA:83,0
LF:41
LH:0
BRDA:12,0,0,0
BRDA:12,0,1,0
BRDA:19,1,0,0
BRDA:19,1,1,0
BRDA:28,2,0,0
BRDA:28,2,1,0
BRDA:32,3,0,0
BRDA:32,3,1,0
BRDA:33,4,0,0
BRDA:33,4,1,0
BRDA:34,5,0,0
BRDA:34,5,1,0
BRDA:36,6,0,0
BRDA:36,6,1,0
BRDA:44,7,0,0
BRDA:44,7,1,0
BRDA:44,8,0,0
BRDA:44,8,1,0
BRDA:46,9,0,0
BRDA:46,9,1,0
BRDA:48,10,0,0
BRDA:48,10,1,0
BRDA:57,11,0,0
BRDA:57,11,1,0
BRDA:59,12,0,0
BRDA:59,12,1,0
BRDA:61,13,0,0
BRDA:61,13,1,0
BRF:28
BRH:0
end_of_record
TN:
SF:src\components\dialogs\NewProjectDialog.tsx
FN:11,NewProjectDialog
FN:13,(anonymous_1)
FN:14,(anonymous_2)
FN:15,(anonymous_3)
FN:28,(anonymous_4)
FN:33,(anonymous_5)
FN:62,(anonymous_6)
FN:68,(anonymous_7)
FN:78,(anonymous_8)
FN:81,(anonymous_9)
FN:102,(anonymous_10)
FN:111,(anonymous_11)
FN:126,(anonymous_12)
FN:137,(anonymous_13)
FN:148,(anonymous_14)
FN:160,(anonymous_15)
FN:172,(anonymous_16)
FNF:17
FNH:0
FNDA:0,NewProjectDialog
FNDA:0,(anonymous_1)
FNDA:0,(anonymous_2)
FNDA:0,(anonymous_3)
FNDA:0,(anonymous_4)
FNDA:0,(anonymous_5)
FNDA:0,(anonymous_6)
FNDA:0,(anonymous_7)
FNDA:0,(anonymous_8)
FNDA:0,(anonymous_9)
FNDA:0,(anonymous_10)
FNDA:0,(anonymous_11)
FNDA:0,(anonymous_12)
FNDA:0,(anonymous_13)
FNDA:0,(anonymous_14)
FNDA:0,(anonymous_15)
FNDA:0,(anonymous_16)
DA:12,0
DA:13,0
DA:14,0
DA:15,0
DA:18,0
DA:19,0
DA:20,0
DA:21,0
DA:22,0
DA:23,0
DA:24,0
DA:26,0
DA:28,0
DA:29,0
DA:30,0
DA:33,0
DA:34,0
DA:35,0
DA:36,0
DA:37,0
DA:38,0
DA:44,0
DA:47,0
DA:62,0
DA:68,0
DA:79,0
DA:81,0
DA:102,0
DA:111,0
DA:126,0
DA:137,0
DA:148,0
DA:160,0
DA:173,0
LF:34
LH:0
BRDA:26,0,0,0
BRDA:26,0,1,0
BRDA:34,1,0,0
BRDA:34,1,1,0
BRDA:35,2,0,0
BRDA:35,2,1,0
BRDA:35,3,0,0
BRDA:35,3,1,0
BRDA:35,3,2,0
BRDA:36,4,0,0
BRDA:36,4,1,0
BRDA:36,5,0,0
BRDA:36,5,1,0
BRDA:36,5,2,0
BRDA:42,6,0,0
BRDA:42,6,1,0
BRDA:61,7,0,0
BRDA:61,7,1,0
BRDA:67,8,0,0
BRDA:67,8,1,0
BRDA:76,9,0,0
BRDA:76,9,1,0
BRDA:86,10,0,0
BRDA:86,10,1,0
BRDA:126,11,0,0
BRDA:126,11,1,0
BRDA:137,12,0,0
BRDA:137,12,1,0
BRDA:148,13,0,0
BRDA:148,13,1,0
BRDA:164,14,0,0
BRDA:164,14,1,0
BRDA:176,15,0,0
BRDA:176,15,1,0
BRF:34
BRH:0
end_of_record
TN:
SF:src\components\panels\AutoPlacePanel.tsx
FN:4,AutoPlacePanel
FN:5,(anonymous_1)
FN:13,(anonymous_2)
FN:19,(anonymous_3)
FN:44,(anonymous_4)
FN:61,(anonymous_5)
FN:70,(anonymous_6)
FN:79,(anonymous_7)
FN:88,(anonymous_8)
FN:97,(anonymous_9)
FNF:10
FNH:0
FNDA:0,AutoPlacePanel
FNDA:0,(anonymous_1)
FNDA:0,(anonymous_2)
FNDA:0,(anonymous_3)
FNDA:0,(anonymous_4)
FNDA:0,(anonymous_5)
FNDA:0,(anonymous_6)
FNDA:0,(anonymous_7)
FNDA:0,(anonymous_8)
FNDA:0,(anonymous_9)
DA:5,0
DA:6,0
DA:7,0
DA:8,0
DA:9,0
DA:10,0
DA:11,0
DA:13,0
DA:14,0
DA:15,0
DA:16,0
DA:19,0
DA:20,0
DA:22,0
DA:32,0
DA:45,0
DA:46,0
DA:61,0
DA:70,0
DA:79,0
DA:88,0
DA:97,0
LF:22
LH:0
BRDA:15,0,0,0
BRDA:15,0,1,0
BRDA:46,1,0,0
BRDA:46,1,1,0
BRDA:108,2,0,0
BRDA:108,2,1,0
BRF:6
BRH:0
end_of_record
TN:
SF:src\components\panels\ChamberPropertiesPanel.tsx
FN:4,ChamberPropertiesPanel
FN:5,(anonymous_1)
FN:6,(anonymous_2)
FN:7,(anonymous_3)
FN:20,(anonymous_4)
FN:35,(anonymous_5)
FN:47,(anonymous_6)
FN:80,(anonymous_7)
FN:94,(anonymous_8)
FN:108,(anonymous_9)
FN:124,(anonymous_10)
FN:137,(anonymous_11)
FN:169,(anonymous_12)
FN:174,(anonymous_13)
FN:192,(anonymous_14)
FNF:15
FNH:0
FNDA:0,ChamberPropertiesPanel
FNDA:0,(anonymous_1)
FNDA:0,(anonymous_2)
FNDA:0,(anonymous_3)
FNDA:0,(anonymous_4)
FNDA:0,(anonymous_5)
FNDA:0,(anonymous_6)
FNDA:0,(anonymous_7)
FNDA:0,(anonymous_8)
FNDA:0,(anonymous_9)
FNDA:0,(anonymous_10)
FNDA:0,(anonymous_11)
FNDA:0,(anonymous_12)
FNDA:0,(anonymous_13)
FNDA:0,(anonymous_14)
DA:5,0
DA:6,0
DA:7,0
DA:9,0
DA:10,0
DA:11,0
DA:12,0
DA:13,0
DA:14,0
DA:15,0
DA:20,0
DA:21,0
DA:22,0
DA:23,0
DA:24,0
DA:25,0
DA:29,0
DA:35,0
DA:36,0
DA:37,0
DA:38,0
DA:40,0
DA:47,0
DA:48,0
DA:49,0
DA:51,0
DA:52,0
DA:55,0
DA:81,0
DA:82,0
DA:95,0
DA:96,0
DA:109,0
DA:110,0
DA:124,0
DA:138,0
DA:139,0
DA:170,0
DA:175,0
DA:193,0
DA:194,0
LF:41
LH:0
BRDA:12,0,0,0
BRDA:12,0,1,0
BRDA:13,1,0,0
BRDA:13,1,1,0
BRDA:24,2,0,0
BRDA:24,2,1,0
BRDA:25,3,0,0
BRDA:25,3,1,0
BRDA:29,4,0,0
BRDA:29,4,1,0
BRDA:29,4,2,0
BRDA:29,4,3,0
BRDA:29,4,4,0
BRDA:29,4,5,0
BRDA:36,5,0,0
BRDA:36,5,1,0
BRDA:42,6,0,0
BRDA:42,6,1,0
BRDA:48,7,0,0
BRDA:48,7,1,0
BRDA:49,8,0,0
BRDA:49,8,1,0
BRDA:68,9,0,0
BRDA:68,9,1,0
BRDA:82,10,0,0
BRDA:82,10,1,0
BRDA:96,11,0,0
BRDA:96,11,1,0
BRDA:110,12,0,0
BRDA:110,12,1,0
BRDA:129,13,0,0
BRDA:129,13,1,0
BRDA:139,14,0,0
BRDA:139,14,1,0
BRDA:147,15,0,0
BRDA:147,15,1,0
BRDA:156,16,0,0
BRDA:156,16,1,0
BRDA:161,17,0,0
BRDA:161,17,1,0
BRDA:176,18,0,0
BRDA:176,18,1,0
BRDA:183,19,0,0
BRDA:183,19,1,0
BRF:44
BRH:0
end_of_record
TN:
SF:src\components\panels\PointListPanel.tsx
FN:6,PointRow
FN:34,(anonymous_1)
FN:36,(anonymous_2)
FN:43,(anonymous_3)
FN:44,(anonymous_4)
FN:52,(anonymous_5)
FN:60,(anonymous_6)
FN:68,PointListPanel
FN:69,(anonymous_8)
FN:70,(anonymous_9)
FN:71,(anonymous_10)
FN:72,(anonymous_11)
FN:73,(anonymous_12)
FN:77,(anonymous_13)
FN:82,(anonymous_14)
FN:89,(anonymous_15)
FN:94,(anonymous_16)
FN:103,(anonymous_17)
FN:113,(anonymous_18)
FN:115,(anonymous_19)
FN:125,(anonymous_20)
FN:127,(anonymous_21)
FN:128,(anonymous_22)
FN:138,(anonymous_23)
FN:162,(anonymous_24)
FN:163,(anonymous_25)
FN:172,(anonymous_26)
FNF:27
FNH:0
FNDA:0,PointRow
FNDA:0,(anonymous_1)
FNDA:0,(anonymous_2)
FNDA:0,(anonymous_3)
FNDA:0,(anonymous_4)
FNDA:0,(anonymous_5)
FNDA:0,(anonymous_6)
FNDA:0,PointListPanel
FNDA:0,(anonymous_8)
FNDA:0,(anonymous_9)
FNDA:0,(anonymous_10)
FNDA:0,(anonymous_11)
FNDA:0,(anonymous_12)
FNDA:0,(anonymous_13)
FNDA:0,(anonymous_14)
FNDA:0,(anonymous_15)
FNDA:0,(anonymous_16)
FNDA:0,(anonymous_17)
FNDA:0,(anonymous_18)
FNDA:0,(anonymous_19)
FNDA:0,(anonymous_20)
FNDA:0,(anonymous_21)
FNDA:0,(anonymous_22)
FNDA:0,(anonymous_23)
FNDA:0,(anonymous_24)
FNDA:0,(anonymous_25)
FNDA:0,(anonymous_26)
DA:6,0
DA:27,0
DA:34,0
DA:36,0
DA:43,0
DA:44,0
DA:52,0
DA:60,0
DA:69,0
DA:70,0
DA:71,0
DA:72,0
DA:73,0
DA:74,0
DA:75,0
DA:77,0
DA:78,0
DA:79,0
DA:82,0
DA:83,0
DA:84,0
DA:86,0
DA:89,0
DA:91,0
DA:92,0
DA:94,0
DA:95,0
DA:96,0
DA:97,0
DA:103,0
DA:105,0
DA:110,0
DA:111,0
DA:113,0
DA:115,0
DA:116,0
DA:117,0
DA:118,0
DA:125,0
DA:126,0
DA:127,0
DA:128,0
DA:129,0
DA:131,0
DA:134,0
DA:139,0
DA:162,0
DA:164,0
DA:165,0
DA:172,0
LF:50
LH:0
BRDA:30,0,0,0
BRDA:30,0,1,0
BRDA:36,1,0,0
BRDA:36,1,1,0
BRDA:83,2,0,0
BRDA:83,2,1,0
BRDA:83,3,0,0
BRDA:83,3,1,0
BRDA:83,3,2,0
BRDA:91,4,0,0
BRDA:91,4,1,0
BRDA:94,5,0,0
BRDA:94,5,1,0
BRDA:95,6,0,0
BRDA:95,6,1,0
BRDA:105,7,0,0
BRDA:105,7,1,0
BRDA:116,8,0,0
BRDA:116,8,1,0
BRDA:126,9,0,0
BRDA:126,9,1,0
BRDA:128,10,0,0
BRDA:128,10,1,0
BRDA:128,11,0,0
BRDA:128,11,1,0
BRDA:152,12,0,0
BRDA:152,12,1,0
BRDA:154,13,0,0
BRDA:154,13,1,0
BRDA:164,14,0,0
BRDA:164,14,1,0
BRDA:165,15,0,0
BRDA:165,15,1,0
BRF:33
BRH:0
end_of_record
TN:
SF:src\components\panels\TemplatePanel.tsx
FN:4,TemplatePanel
FN:5,(anonymous_1)
FN:11,(anonymous_2)
FN:14,(anonymous_3)
FNF:4
FNH:0
FNDA:0,TemplatePanel
FNDA:0,(anonymous_1)
FNDA:0,(anonymous_2)
FNDA:0,(anonymous_3)
DA:5,0
DA:7,0
DA:12,0
DA:14,0
LF:4
LH:0
BRDA:21,0,0,0
BRDA:21,0,1,0
BRDA:21,0,2,0
BRF:3
BRH:0
end_of_record
TN:
SF:src\core\export\csvExport.ts
FN:10,generateCSV
FN:20,(anonymous_1)
FN:43,(anonymous_2)
FN:46,csvEscape
FN:53,getPositionLabel
FN:74,getNearbyLabel
FN:103,distance3D
FNF:7
FNH:7
FNDA:17,generateCSV
FNDA:28,(anonymous_1)
FNDA:130,(anonymous_2)
FNDA:791,csvEscape
FNDA:28,getPositionLabel
FNDA:28,getNearbyLabel
FNDA:7,distance3D
DA:15,17
DA:16,17
DA:18,17
DA:20,17
DA:21,28
DA:22,28
DA:23,28
DA:34,17
DA:42,17
DA:43,130
DA:47,791
DA:48,2
DA:50,789
DA:54,28
DA:55,28
DA:56,28
DA:57,28
DA:59,28
DA:60,28
DA:61,25
DA:62,3
DA:63,2
DA:64,1
DA:67,28
DA:68,28
DA:70,28
DA:71,17
DA:75,28
DA:77,1
DA:79,1
DA:81,1
DA:83,25
DA:85,25
DA:86,7
DA:87,7
DA:88,4
DA:90,1
DA:92,1
DA:94,1
DA:96,1
DA:100,21
DA:104,7
LF:42
LH:42
BRDA:13,0,0,17
BRDA:16,1,0,17
BRDA:47,2,0,2
BRDA:47,2,1,789
BRDA:47,3,0,791
BRDA:47,3,1,790
BRDA:47,3,2,789
BRDA:54,4,0,28
BRDA:60,5,0,25
BRDA:60,5,1,3
BRDA:61,6,0,22
BRDA:61,6,1,3
BRDA:61,7,0,4
BRDA:61,7,1,18
BRDA:62,8,0,1
BRDA:62,8,1,2
BRDA:63,9,0,1
BRDA:63,9,1,1
BRDA:67,10,0,7
BRDA:67,10,1,21
BRDA:67,11,0,14
BRDA:67,11,1,7
BRDA:68,12,0,8
BRDA:68,12,1,20
BRDA:68,13,0,13
BRDA:68,13,1,7
BRDA:70,14,0,11
BRDA:70,14,1,17
BRDA:70,15,0,28
BRDA:70,15,1,14
BRDA:75,16,0,1
BRDA:75,16,1,1
BRDA:75,16,2,1
BRDA:75,16,3,25
BRDA:87,17,0,4
BRDA:87,17,1,3
BRDA:88,18,0,1
BRDA:88,18,1,1
BRDA:88,18,2,1
BRDA:88,18,3,1
BRF:40
BRH:40
end_of_record
TN:
SF:src\core\export\pngExport.ts
FN:4,exportToPNG
FNF:1
FNH:1
FNDA:7,exportToPNG
DA:10,7
DA:11,7
DA:13,7
DA:14,7
DA:15,1
DA:16,1
DA:20,6
DA:21,6
DA:22,1
DA:23,1
DA:29,1
DA:32,6
DA:34,6
DA:35,6
DA:42,5
DA:45,6
DA:46,1
DA:47,1
DA:53,6
DA:54,3
DA:55,3
LF:21
LH:21
BRDA:6,0,0,7
BRDA:14,1,0,1
BRDA:14,1,1,6
BRDA:15,2,0,0
BRDA:15,2,1,1
BRDA:21,3,0,1
BRDA:21,3,1,5
BRDA:45,4,0,1
BRDA:45,4,1,5
BRDA:53,5,0,3
BRDA:53,5,1,3
BRF:11
BRH:10
end_of_record
TN:
SF:src\core\export\svgExport.ts
FN:10,escapeXml
FN:18,exportToSVG
FNF:2
FNH:2
FNDA:2,escapeXml
FNDA:5,exportToSVG
DA:11,2
DA:20,5
DA:21,5
DA:23,5
DA:24,5
DA:25,1
DA:26,1
DA:29,4
DA:30,4
DA:31,4
DA:32,1
DA:35,3
DA:38,1
DA:39,1
DA:40,1
DA:47,1
DA:49,1
DA:52,4
DA:53,1
DA:54,1
LF:20
LH:20
BRDA:24,0,0,1
BRDA:24,0,1,4
BRDA:25,1,0,0
BRDA:25,1,1,1
BRDA:31,2,0,1
BRDA:31,2,1,3
BRDA:35,3,0,2
BRDA:35,3,1,1
BRDA:52,4,0,1
BRDA:52,4,1,3
BRF:10
BRH:9
end_of_record
TN:
SF:src\core\geometry\cuboid.ts
FN:3,getCuboidVertices
FN:17,getCuboidEdges
FN:34,getCuboidVisibleFaces
FNF:3
FNH:3
FNDA:2,getCuboidVertices
FNDA:1,getCuboidEdges
FNDA:1,getCuboidVisibleFaces
DA:4,2
DA:5,2
DA:18,1
DA:35,1
DA:36,1
LF:5
LH:5
BRF:0
BRH:0
end_of_record
TN:
SF:src\core\geometry\cylinder.ts
FN:8,getCylinderVertices
FN:30,getCylinderEdges
FNF:2
FNH:2
FNDA:1,getCylinderVertices
FNDA:1,getCylinderEdges
DA:9,1
DA:10,1
DA:11,1
DA:12,16
DA:13,16
DA:19,1
DA:20,16
DA:21,16
DA:27,1
DA:31,1
DA:32,16
DA:33,16
DA:34,16
DA:35,1
LF:14
LH:14
BRDA:8,0,0,1
BRF:1
BRH:1
end_of_record
TN:
SF:src\core\geometry\polygon.ts
FN:3,getPolygonVertices
FN:10,getPolygonEdges
FNF:2
FNH:2
FNDA:1,getPolygonVertices
FNDA:1,getPolygonEdges
DA:4,1
DA:5,4
DA:6,4
DA:7,1
DA:11,1
DA:12,1
DA:13,4
DA:14,4
DA:15,4
DA:16,1
LF:10
LH:10
BRF:0
BRH:0
end_of_record
TN:
SF:src\core\placement\grid.ts
FN:3,gridPlacement
FNF:1
FNH:1
FNDA:3,gridPlacement
DA:7,3
DA:8,3
DA:9,3
DA:10,3
DA:11,7
DA:12,17
DA:13,43
DA:22,43
DA:26,3
LF:9
LH:9
BRF:0
BRH:0
end_of_record
TN:
SF:src\core\placement\index.ts
FNF:0
FNH:0
LF:0
LH:0
BRF:0
BRH:0
end_of_record
TN:
SF:src\core\placement\keypoints.ts
FN:3,keypointsPlacement
FN:11,(anonymous_1)
FNF:2
FNH:2
FNDA:2,keypointsPlacement
FNDA:24,(anonymous_1)
DA:7,2
DA:8,2
DA:9,2
DA:10,2
DA:11,2
DA:12,24
DA:13,24
DA:17,2
DA:18,2
DA:19,2
DA:20,2
DA:21,2
DA:22,2
DA:23,2
DA:24,2
DA:25,2
DA:27,2
DA:28,2
DA:29,1
DA:30,1
DA:31,1
DA:32,1
DA:33,1
DA:34,1
DA:36,2
LF:25
LH:25
BRDA:5,0,0,2
BRDA:7,1,0,2
BRDA:7,2,0,2
BRDA:27,3,0,2
BRDA:27,3,1,0
BRDA:28,4,0,1
BRDA:28,4,1,1
BRF:7
BRH:6
end_of_record
TN:
SF:src\core\placement\uniform.ts
FN:9,distance3D
FN:14,isInsideChamberXY
FN:23,uniformPlacement
FN:32,(anonymous_3)
FN:33,(anonymous_4)
FN:50,(anonymous_5)
FN:73,(anonymous_6)
FNF:7
FNH:7
FNDA:19,distance3D
FNDA:36,isInsideChamberXY
FNDA:19,uniformPlacement
FNDA:19,(anonymous_3)
FNDA:190,(anonymous_4)
FNDA:152,(anonymous_5)
FNDA:241,(anonymous_6)
DA:10,19
DA:15,36
DA:16,36
DA:17,36
DA:18,36
DA:19,36
DA:20,36
DA:28,19
DA:29,19
DA:32,19
DA:33,190
DA:36,19
DA:37,19
DA:49,19
DA:50,19
DA:52,152
DA:53,136
DA:59,19
DA:60,17
DA:70,19
DA:73,19
DA:74,241
DA:75,212
DA:76,212
DA:79,19
DA:80,19
DA:82,19
DA:84,3
DA:85,3
DA:87,3
DA:88,9
DA:89,9
DA:90,9
DA:92,9
DA:93,9
DA:94,9
DA:95,9
DA:96,9
DA:97,9
DA:98,24
DA:99,24
DA:100,24
DA:101,10
DA:104,9
DA:105,19
DA:106,49
DA:107,49
DA:109,49
DA:110,49
DA:115,49
DA:116,49
DA:122,3
DA:123,0
DA:127,16
DA:128,16
DA:130,16
DA:132,12
DA:133,12
DA:134,12
DA:135,12
DA:136,12
DA:137,12
DA:138,12
DA:139,12
DA:140,12
DA:141,26
DA:142,26
DA:143,26
DA:144,26
DA:145,14
DA:146,11
DA:148,12
DA:149,12
DA:150,23
DA:151,28
DA:152,53
DA:153,53
DA:155,53
DA:156,37
DA:161,37
DA:169,19
DA:174,19
DA:175,19
DA:176,19
DA:178,19
DA:179,8
DA:180,8
DA:183,8
DA:184,22
DA:185,19
DA:186,19
DA:187,8
DA:188,8
DA:192,8
DA:194,8
DA:199,8
DA:202,0
DA:207,19
DA:208,0
DA:215,19
LF:100
LH:97
BRDA:16,0,0,0
BRDA:16,0,1,36
BRDA:17,1,0,36
BRDA:17,1,1,0
BRDA:26,2,0,19
BRDA:28,3,0,19
BRDA:28,4,0,19
BRDA:29,5,0,19
BRDA:52,6,0,16
BRDA:52,6,1,136
BRDA:52,7,0,152
BRDA:52,7,1,16
BRDA:59,8,0,17
BRDA:59,8,1,2
BRDA:74,9,0,29
BRDA:74,9,1,212
BRDA:82,10,0,3
BRDA:82,10,1,16
BRDA:87,11,0,3
BRDA:87,11,1,9
BRDA:100,12,0,14
BRDA:100,12,1,10
BRDA:104,13,0,9
BRDA:104,13,1,19
BRDA:105,14,0,19
BRDA:105,14,1,50
BRDA:109,15,0,0
BRDA:109,15,1,49
BRDA:109,16,0,49
BRDA:109,16,1,0
BRDA:122,17,0,0
BRDA:122,17,1,3
BRDA:130,18,0,12
BRDA:130,18,1,4
BRDA:144,19,0,12
BRDA:144,19,1,14
BRDA:144,20,0,26
BRDA:144,20,1,14
BRDA:145,21,0,3
BRDA:145,21,1,11
BRDA:149,22,0,12
BRDA:149,22,1,23
BRDA:150,23,0,23
BRDA:150,23,1,29
BRDA:151,24,0,28
BRDA:151,24,1,59
BRDA:155,25,0,16
BRDA:155,25,1,37
BRDA:155,26,0,53
BRDA:155,26,1,20
BRDA:184,27,0,3
BRDA:184,27,1,19
BRDA:186,28,0,8
BRDA:186,28,1,11
BRDA:192,29,0,8
BRDA:192,29,1,0
BRDA:207,30,0,0
BRDA:207,30,1,19
BRF:58
BRH:51
end_of_record
TN:
SF:src\core\projection\isometric.ts
FN:21,project3Dto2D
FN:36,unproject2Dto3D
FN:55,projectPoints
FN:56,(anonymous_3)
FN:76,(anonymous_4)
FN:77,(anonymous_5)
FNF:6
FNH:5
FNDA:10,project3Dto2D
FNDA:4,unproject2Dto3D
FNDA:2,projectPoints
FNDA:4,(anonymous_3)
FNDA:2,(anonymous_4)
FNDA:0,(anonymous_5)
DA:4,2
DA:7,2
DA:10,2
DA:13,2
DA:15,2
DA:16,2
DA:27,10
DA:42,4
DA:43,4
DA:44,4
DA:45,4
DA:46,4
DA:56,4
DA:69,2
DA:75,2
DA:76,2
DA:77,0
DA:81,2
LF:18
LH:17
BRDA:25,0,0,10
BRDA:40,1,0,4
BRDA:55,2,0,2
BRF:3
BRH:3
end_of_record
TN:
SF:src\shapes\BuiltInProbeShape.tsx
FN:27,getDefaultProps
FN:36,canEdit
FN:40,onEditEnd
FN:55,getGeometry
FN:62,component
FN:90,(anonymous_5)
FN:93,(anonymous_6)
FN:126,toSvg
FN:140,getIndicatorPath
FNF:9
FNH:0
FNDA:0,getDefaultProps
FNDA:0,canEdit
FNDA:0,onEditEnd
FNDA:0,getGeometry
FNDA:0,component
FNDA:0,(anonymous_5)
FNDA:0,(anonymous_6)
FNDA:0,toSvg
FNDA:0,getIndicatorPath
DA:15,0
DA:18,0
DA:20,0
DA:28,0
DA:37,0
DA:41,0
DA:42,0
DA:43,0
DA:44,0
DA:56,0
DA:63,0
DA:64,0
DA:67,0
DA:68,0
DA:70,0
DA:91,0
DA:94,0
DA:95,0
DA:96,0
DA:97,0
DA:98,0
DA:99,0
DA:100,0
DA:106,0
DA:108,0
DA:109,0
DA:110,0
DA:111,0
DA:112,0
DA:127,0
DA:128,0
DA:129,0
DA:130,0
DA:141,0
LF:34
LH:0
BRDA:43,0,0,0
BRDA:43,0,1,0
BRDA:43,1,0,0
BRDA:43,1,1,0
BRDA:73,2,0,0
BRDA:73,2,1,0
BRDA:94,3,0,0
BRDA:94,3,1,0
BRDA:97,4,0,0
BRDA:97,4,1,0
BRDA:99,5,0,0
BRDA:99,5,1,0
BRDA:108,6,0,0
BRDA:108,6,1,0
BRF:14
BRH:0
end_of_record
TN:
SF:src\shapes\ChamberShape.tsx
FN:24,renderRoomContext
FN:26,(anonymous_1)
FN:59,(anonymous_2)
FN:62,(anonymous_3)
FN:93,(anonymous_4)
FN:103,(anonymous_5)
FN:129,canEdit
FN:133,onEditEnd
FN:145,getDefaultProps
FN:157,getGeometry
FN:161,(anonymous_10)
FN:246,(anonymous_11)
FN:247,(anonymous_12)
FN:261,component
FN:268,(anonymous_14)
FN:335,(anonymous_15)
FN:338,(anonymous_16)
FN:435,(anonymous_17)
FN:449,(anonymous_18)
FN:457,(anonymous_19)
FN:466,(anonymous_20)
FN:513,toSvg
FN:583,(anonymous_22)
FN:601,(anonymous_23)
FN:607,(anonymous_24)
FN:615,(anonymous_25)
FN:663,getIndicatorPath
FNF:27
FNH:0
FNDA:0,renderRoomContext
FNDA:0,(anonymous_1)
FNDA:0,(anonymous_2)
FNDA:0,(anonymous_3)
FNDA:0,(anonymous_4)
FNDA:0,(anonymous_5)
FNDA:0,canEdit
FNDA:0,onEditEnd
FNDA:0,getDefaultProps
FNDA:0,getGeometry
FNDA:0,(anonymous_10)
FNDA:0,(anonymous_11)
FNDA:0,(anonymous_12)
FNDA:0,component
FNDA:0,(anonymous_14)
FNDA:0,(anonymous_15)
FNDA:0,(anonymous_16)
FNDA:0,(anonymous_17)
FNDA:0,(anonymous_18)
FNDA:0,(anonymous_19)
FNDA:0,(anonymous_20)
FNDA:0,toSvg
FNDA:0,(anonymous_22)
FNDA:0,(anonymous_23)
FNDA:0,(anonymous_24)
FNDA:0,(anonymous_25)
FNDA:0,getIndicatorPath
DA:22,0
DA:25,0
DA:26,0
DA:29,0
DA:30,0
DA:31,0
DA:32,0
DA:33,0
DA:34,0
DA:35,0
DA:45,0
DA:59,0
DA:62,0
DA:63,0
DA:64,0
DA:65,0
DA:66,0
DA:67,0
DA:68,0
DA:69,0
DA:79,0
DA:93,0
DA:95,0
DA:96,0
DA:97,0
DA:101,0
DA:102,0
DA:103,0
DA:104,0
DA:106,0
DA:107,0
DA:108,0
DA:113,0
DA:114,0
DA:117,0
DA:121,0
DA:123,0
DA:130,0
DA:134,0
DA:135,0
DA:136,0
DA:137,0
DA:146,0
DA:158,0
DA:159,0
DA:160,0
DA:161,0
DA:163,0
DA:165,0
DA:166,0
DA:167,0
DA:168,0
DA:169,0
DA:170,0
DA:171,0
DA:172,0
DA:174,0
DA:176,0
DA:178,0
DA:179,0
DA:180,0
DA:181,0
DA:183,0
DA:193,0
DA:196,0
DA:208,0
DA:209,0
DA:210,0
DA:211,0
DA:212,0
DA:213,0
DA:214,0
DA:215,0
DA:216,0
DA:226,0
DA:227,0
DA:228,0
DA:229,0
DA:230,0
DA:231,0
DA:232,0
DA:233,0
DA:246,0
DA:247,0
DA:248,0
DA:249,0
DA:250,0
DA:251,0
DA:252,0
DA:262,0
DA:263,0
DA:264,0
DA:265,0
DA:268,0
DA:269,0
DA:272,0
DA:273,0
DA:274,0
DA:275,0
DA:276,0
DA:277,0
DA:278,0
DA:279,0
DA:280,0
DA:281,0
DA:282,0
DA:283,0
DA:284,0
DA:285,0
DA:286,0
DA:288,0
DA:289,0
DA:290,0
DA:291,0
DA:299,0
DA:300,0
DA:301,0
DA:302,0
DA:303,0
DA:304,0
DA:305,0
DA:306,0
DA:307,0
DA:308,0
DA:309,0
DA:310,0
DA:313,0
DA:314,0
DA:315,0
DA:316,0
DA:319,0
DA:336,0
DA:339,0
DA:340,0
DA:341,0
DA:342,0
DA:343,0
DA:344,0
DA:345,0
DA:351,0
DA:353,0
DA:354,0
DA:355,0
DA:356,0
DA:357,0
DA:368,0
DA:370,0
DA:371,0
DA:372,0
DA:373,0
DA:374,0
DA:376,0
DA:377,0
DA:378,0
DA:383,0
DA:436,0
DA:446,0
DA:451,0
DA:452,0
DA:458,0
DA:467,0
DA:514,0
DA:515,0
DA:516,0
DA:518,0
DA:519,0
DA:520,0
DA:528,0
DA:529,0
DA:530,0
DA:531,0
DA:532,0
DA:533,0
DA:534,0
DA:535,0
DA:540,0
DA:584,0
DA:596,0
DA:598,0
DA:603,0
DA:604,0
DA:608,0
DA:616,0
DA:664,0
LF:184
LH:0
BRDA:114,0,0,0
BRDA:114,0,1,0
BRDA:136,1,0,0
BRDA:136,1,1,0
BRDA:136,2,0,0
BRDA:136,2,1,0
BRDA:163,3,0,0
BRDA:163,3,1,0
BRDA:165,4,0,0
BRDA:165,4,1,0
BRDA:208,5,0,0
BRDA:208,5,1,0
BRDA:265,6,0,0
BRDA:288,7,0,0
BRDA:288,7,1,0
BRDA:290,8,0,0
BRDA:290,8,1,0
BRDA:319,9,0,0
BRDA:319,9,1,0
BRDA:339,10,0,0
BRDA:339,10,1,0
BRDA:342,11,0,0
BRDA:342,11,1,0
BRDA:344,12,0,0
BRDA:344,12,1,0
BRDA:353,13,0,0
BRDA:353,13,1,0
BRDA:368,14,0,0
BRDA:368,14,1,0
BRDA:401,15,0,0
BRDA:401,15,1,0
BRDA:415,16,0,0
BRDA:415,16,1,0
BRDA:418,17,0,0
BRDA:418,17,1,0
BRDA:427,18,0,0
BRDA:427,18,1,0
BRDA:430,19,0,0
BRDA:430,19,1,0
BRDA:449,20,0,0
BRDA:449,20,1,0
BRDA:485,21,0,0
BRDA:485,21,1,0
BRDA:489,22,0,0
BRDA:489,22,1,0
BRDA:499,23,0,0
BRDA:499,23,1,0
BRDA:516,24,0,0
BRDA:518,25,0,0
BRDA:518,25,1,0
BRDA:519,26,0,0
BRDA:519,26,1,0
BRDA:551,27,0,0
BRDA:551,27,1,0
BRDA:563,28,0,0
BRDA:563,28,1,0
BRDA:566,29,0,0
BRDA:566,29,1,0
BRDA:571,30,0,0
BRDA:571,30,1,0
BRDA:574,31,0,0
BRDA:574,31,1,0
BRDA:601,32,0,0
BRDA:601,32,1,0
BRDA:633,33,0,0
BRDA:633,33,1,0
BRF:66
BRH:0
end_of_record
TN:
SF:src\shapes\DimensionShape.tsx
FN:30,canEdit
FN:34,onEditEnd
FN:46,getDefaultProps
FN:56,getGeometry
FN:74,component
FN:111,(anonymous_5)
FN:114,(anonymous_6)
FN:147,toSvg
FN:173,getIndicatorPath
FNF:9
FNH:0
FNDA:0,canEdit
FNDA:0,onEditEnd
FNDA:0,getDefaultProps
FNDA:0,getGeometry
FNDA:0,component
FNDA:0,(anonymous_5)
FNDA:0,(anonymous_6)
FNDA:0,toSvg
FNDA:0,getIndicatorPath
DA:17,0
DA:20,0
DA:22,0
DA:31,0
DA:35,0
DA:36,0
DA:37,0
DA:38,0
DA:47,0
DA:57,0
DA:58,0
DA:59,0
DA:60,0
DA:61,0
DA:62,0
DA:63,0
DA:64,0
DA:65,0
DA:75,0
DA:76,0
DA:77,0
DA:78,0
DA:79,0
DA:80,0
DA:82,0
DA:112,0
DA:115,0
DA:116,0
DA:117,0
DA:118,0
DA:119,0
DA:120,0
DA:121,0
DA:127,0
DA:129,0
DA:130,0
DA:131,0
DA:132,0
DA:133,0
DA:148,0
DA:149,0
DA:150,0
DA:151,0
DA:152,0
DA:153,0
DA:174,0
LF:46
LH:0
BRDA:37,0,0,0
BRDA:37,0,1,0
BRDA:37,1,0,0
BRDA:37,1,1,0
BRDA:95,2,0,0
BRDA:95,2,1,0
BRDA:115,3,0,0
BRDA:115,3,1,0
BRDA:118,4,0,0
BRDA:118,4,1,0
BRDA:120,5,0,0
BRDA:120,5,1,0
BRDA:129,6,0,0
BRDA:129,6,1,0
BRF:14
BRH:0
end_of_record
TN:
SF:src\shapes\DrainPortShape.tsx
FN:27,getDefaultProps
FN:36,canEdit
FN:40,onEditEnd
FN:55,getGeometry
FN:62,component
FN:88,(anonymous_5)
FN:91,(anonymous_6)
FN:124,toSvg
FN:138,getIndicatorPath
FNF:9
FNH:0
FNDA:0,getDefaultProps
FNDA:0,canEdit
FNDA:0,onEditEnd
FNDA:0,getGeometry
FNDA:0,component
FNDA:0,(anonymous_5)
FNDA:0,(anonymous_6)
FNDA:0,toSvg
FNDA:0,getIndicatorPath
DA:15,0
DA:18,0
DA:20,0
DA:28,0
DA:37,0
DA:41,0
DA:42,0
DA:43,0
DA:44,0
DA:56,0
DA:63,0
DA:64,0
DA:66,0
DA:89,0
DA:92,0
DA:93,0
DA:94,0
DA:95,0
DA:96,0
DA:97,0
DA:98,0
DA:104,0
DA:106,0
DA:107,0
DA:108,0
DA:109,0
DA:110,0
DA:125,0
DA:126,0
DA:139,0
LF:30
LH:0
BRDA:43,0,0,0
BRDA:43,0,1,0
BRDA:43,1,0,0
BRDA:43,1,1,0
BRDA:71,2,0,0
BRDA:71,2,1,0
BRDA:92,3,0,0
BRDA:92,3,1,0
BRDA:95,4,0,0
BRDA:95,4,1,0
BRDA:97,5,0,0
BRDA:97,5,1,0
BRDA:106,6,0,0
BRDA:106,6,1,0
BRF:14
BRH:0
end_of_record
TN:
SF:src\shapes\InletPortShape.tsx
FN:27,getDefaultProps
FN:36,canEdit
FN:40,onEditEnd
FN:55,getGeometry
FN:62,component
FN:96,(anonymous_5)
FN:99,(anonymous_6)
FN:132,toSvg
FN:152,getIndicatorPath
FNF:9
FNH:0
FNDA:0,getDefaultProps
FNDA:0,canEdit
FNDA:0,onEditEnd
FNDA:0,getGeometry
FNDA:0,component
FNDA:0,(anonymous_5)
FNDA:0,(anonymous_6)
FNDA:0,toSvg
FNDA:0,getIndicatorPath
DA:15,0
DA:18,0
DA:20,0
DA:28,0
DA:37,0
DA:41,0
DA:42,0
DA:43,0
DA:44,0
DA:56,0
DA:63,0
DA:64,0
DA:66,0
DA:97,0
DA:100,0
DA:101,0
DA:102,0
DA:103,0
DA:104,0
DA:105,0
DA:106,0
DA:112,0
DA:114,0
DA:115,0
DA:116,0
DA:117,0
DA:118,0
DA:133,0
DA:134,0
DA:153,0
LF:30
LH:0
BRDA:43,0,0,0
BRDA:43,0,1,0
BRDA:43,1,0,0
BRDA:43,1,1,0
BRDA:79,2,0,0
BRDA:79,2,1,0
BRDA:100,3,0,0
BRDA:100,3,1,0
BRDA:103,4,0,0
BRDA:103,4,1,0
BRDA:105,5,0,0
BRDA:105,5,1,0
BRDA:114,6,0,0
BRDA:114,6,1,0
BRF:14
BRH:0
end_of_record
TN:
SF:src\shapes\LegendShape.tsx
FN:31,canEdit
FN:35,onEditEnd
FN:48,(anonymous_2)
FN:84,getDefaultProps
FN:96,getGeometry
FN:104,component
FN:144,(anonymous_6)
FN:147,(anonymous_7)
FN:161,(anonymous_8)
FN:176,(anonymous_9)
FN:182,(anonymous_10)
FN:209,(anonymous_11)
FN:215,(anonymous_12)
FN:243,(anonymous_13)
FN:252,toSvg
FN:271,(anonymous_15)
FN:280,getIndicatorPath
FNF:17
FNH:0
FNDA:0,canEdit
FNDA:0,onEditEnd
FNDA:0,(anonymous_2)
FNDA:0,getDefaultProps
FNDA:0,getGeometry
FNDA:0,component
FNDA:0,(anonymous_6)
FNDA:0,(anonymous_7)
FNDA:0,(anonymous_8)
FNDA:0,(anonymous_9)
FNDA:0,(anonymous_10)
FNDA:0,(anonymous_11)
FNDA:0,(anonymous_12)
FNDA:0,(anonymous_13)
FNDA:0,toSvg
FNDA:0,(anonymous_15)
FNDA:0,getIndicatorPath
DA:19,0
DA:22,0
DA:24,0
DA:32,0
DA:36,0
DA:37,0
DA:40,0
DA:41,0
DA:42,0
DA:43,0
DA:47,0
DA:48,0
DA:49,0
DA:50,0
DA:51,0
DA:52,0
DA:53,0
DA:54,0
DA:56,0
DA:57,0
DA:58,0
DA:60,0
DA:63,0
DA:64,0
DA:65,0
DA:69,0
DA:70,0
DA:71,0
DA:72,0
DA:75,0
DA:76,0
DA:85,0
DA:97,0
DA:105,0
DA:106,0
DA:107,0
DA:108,0
DA:110,0
DA:111,0
DA:145,0
DA:148,0
DA:149,0
DA:150,0
DA:151,0
DA:153,0
DA:154,0
DA:155,0
DA:156,0
DA:157,0
DA:162,0
DA:177,0
DA:183,0
DA:184,0
DA:185,0
DA:186,0
DA:188,0
DA:189,0
DA:190,0
DA:191,0
DA:192,0
DA:210,0
DA:216,0
DA:217,0
DA:218,0
DA:219,0
DA:221,0
DA:222,0
DA:223,0
DA:224,0
DA:225,0
DA:237,0
DA:244,0
DA:253,0
DA:254,0
DA:255,0
DA:256,0
DA:272,0
DA:281,0
LF:78
LH:0
BRDA:41,0,0,0
BRDA:41,0,1,0
BRDA:41,1,0,0
BRDA:41,1,1,0
BRDA:52,2,0,0
BRDA:52,2,1,0
BRDA:52,3,0,0
BRDA:52,3,1,0
BRDA:56,4,0,0
BRDA:56,4,1,0
BRDA:56,5,0,0
BRDA:56,5,1,0
BRDA:63,6,0,0
BRDA:63,6,1,0
BRDA:75,7,0,0
BRDA:75,7,1,0
BRDA:110,8,0,0
BRDA:110,8,1,0
BRDA:148,9,0,0
BRDA:148,9,1,0
BRDA:153,10,0,0
BRDA:153,10,1,0
BRDA:183,11,0,0
BRDA:183,11,1,0
BRDA:188,12,0,0
BRDA:188,12,1,0
BRDA:216,13,0,0
BRDA:216,13,1,0
BRDA:221,14,0,0
BRDA:221,14,1,0
BRF:30
BRH:0
end_of_record
TN:
SF:src\shapes\ProbePointShape.tsx
FN:28,getDefaultProps
FN:40,canEdit
FN:44,onEditEnd
FN:56,getGeometry
FN:63,component
FN:117,(anonymous_5)
FN:120,(anonymous_6)
FN:149,toSvg
FN:163,getIndicatorPath
FNF:9
FNH:0
FNDA:0,getDefaultProps
FNDA:0,canEdit
FNDA:0,onEditEnd
FNDA:0,getGeometry
FNDA:0,component
FNDA:0,(anonymous_5)
FNDA:0,(anonymous_6)
FNDA:0,toSvg
FNDA:0,getIndicatorPath
DA:14,0
DA:16,0
DA:17,0
DA:20,0
DA:22,0
DA:29,0
DA:41,0
DA:45,0
DA:46,0
DA:47,0
DA:48,0
DA:57,0
DA:64,0
DA:65,0
DA:66,0
DA:67,0
DA:68,0
DA:70,0
DA:118,0
DA:121,0
DA:122,0
DA:123,0
DA:124,0
DA:125,0
DA:126,0
DA:127,0
DA:133,0
DA:135,0
DA:136,0
DA:137,0
DA:138,0
DA:139,0
DA:150,0
DA:151,0
DA:164,0
LF:35
LH:0
BRDA:47,0,0,0
BRDA:47,0,1,0
BRDA:47,1,0,0
BRDA:47,1,1,0
BRDA:73,2,0,0
BRDA:73,2,1,0
BRDA:73,2,2,0
BRDA:79,3,0,0
BRDA:79,3,1,0
BRDA:80,4,0,0
BRDA:80,4,1,0
BRDA:85,5,0,0
BRDA:85,5,1,0
BRDA:87,6,0,0
BRDA:87,6,1,0
BRDA:92,7,0,0
BRDA:92,7,1,0
BRDA:100,8,0,0
BRDA:100,8,1,0
BRDA:121,9,0,0
BRDA:121,9,1,0
BRDA:124,10,0,0
BRDA:124,10,1,0
BRDA:126,11,0,0
BRDA:126,11,1,0
BRDA:135,12,0,0
BRDA:135,12,1,0
BRF:27
BRH:0
end_of_record
TN:
SF:src\shapes\TextAnnotationShape.tsx
FN:25,getDefaultProps
FN:29,canEdit
FN:33,onEditEnd
FN:45,getGeometry
FN:55,component
FN:90,(anonymous_5)
FN:91,(anonymous_6)
FN:92,(anonymous_7)
FN:93,(anonymous_8)
FN:99,(anonymous_9)
FN:115,(anonymous_10)
FN:124,toSvg
FN:129,(anonymous_12)
FN:138,getIndicatorPath
FNF:14
FNH:0
FNDA:0,getDefaultProps
FNDA:0,canEdit
FNDA:0,onEditEnd
FNDA:0,getGeometry
FNDA:0,component
FNDA:0,(anonymous_5)
FNDA:0,(anonymous_6)
FNDA:0,(anonymous_7)
FNDA:0,(anonymous_8)
FNDA:0,(anonymous_9)
FNDA:0,(anonymous_10)
FNDA:0,toSvg
FNDA:0,(anonymous_12)
FNDA:0,getIndicatorPath
DA:13,0
DA:16,0
DA:18,0
DA:26,0
DA:30,0
DA:34,0
DA:35,0
DA:36,0
DA:37,0
DA:46,0
DA:47,0
DA:48,0
DA:56,0
DA:57,0
DA:58,0
DA:60,0
DA:61,0
DA:62,0
DA:90,0
DA:91,0
DA:92,0
DA:94,0
DA:95,0
DA:96,0
DA:97,0
DA:100,0
DA:101,0
DA:102,0
DA:103,0
DA:104,0
DA:113,0
DA:116,0
DA:125,0
DA:126,0
DA:127,0
DA:130,0
DA:139,0
LF:37
LH:0
BRDA:36,0,0,0
BRDA:36,0,1,0
BRDA:36,1,0,0
BRDA:36,1,1,0
BRDA:60,2,0,0
BRDA:60,2,1,0
BRDA:100,3,0,0
BRDA:100,3,1,0
BRF:8
BRH:0
end_of_record
TN:
SF:src\shapes\utils.ts
FN:15,cuboidPath
FN:23,(anonymous_1)
FN:35,(anonymous_2)
FN:48,(anonymous_3)
FN:49,(anonymous_4)
FN:54,(anonymous_5)
FN:166,cylinderPath
FN:185,(anonymous_7)
FN:188,(anonymous_8)
FN:191,(anonymous_9)
FNF:10
FNH:0
FNDA:0,cuboidPath
FNDA:0,(anonymous_1)
FNDA:0,(anonymous_2)
FNDA:0,(anonymous_3)
FNDA:0,(anonymous_4)
FNDA:0,(anonymous_5)
FNDA:0,cylinderPath
FNDA:0,(anonymous_7)
FNDA:0,(anonymous_8)
FNDA:0,(anonymous_9)
DA:23,0
DA:25,0
DA:35,0
DA:38,0
DA:48,0
DA:49,0
DA:54,0
DA:56,0
DA:57,0
DA:58,0
DA:59,0
DA:60,0
DA:61,0
DA:63,0
DA:67,0
DA:81,0
DA:82,0
DA:83,0
DA:86,0
DA:104,0
DA:105,0
DA:106,0
DA:107,0
DA:108,0
DA:109,0
DA:111,0
DA:115,0
DA:116,0
DA:118,0
DA:119,0
DA:120,0
DA:121,0
DA:122,0
DA:123,0
DA:124,0
DA:131,0
DA:134,0
DA:177,0
DA:178,0
DA:179,0
DA:180,0
DA:181,0
DA:185,0
DA:186,0
DA:188,0
DA:189,0
DA:191,0
DA:193,0
DA:194,0
DA:195,0
DA:198,0
DA:201,0
DA:210,0
DA:213,0
DA:214,0
DA:215,0
DA:216,0
DA:217,0
DA:218,0
DA:220,0
DA:224,0
DA:225,0
DA:233,0
DA:234,0
DA:235,0
DA:236,0
DA:239,0
DA:245,0
DA:251,0
DA:256,0
DA:259,0
DA:260,0
DA:261,0
DA:262,0
DA:264,0
DA:265,0
DA:266,0
DA:267,0
DA:270,0
DA:271,0
DA:272,0
DA:273,0
DA:274,0
DA:275,0
DA:276,0
DA:285,0
DA:288,0
DA:289,0
DA:290,0
DA:291,0
DA:292,0
DA:293,0
DA:294,0
DA:296,0
DA:297,0
DA:298,0
DA:299,0
DA:300,0
DA:301,0
DA:302,0
DA:304,0
DA:305,0
DA:306,0
DA:307,0
DA:308,0
DA:309,0
DA:311,0
DA:312,0
DA:313,0
DA:314,0
DA:315,0
DA:318,0
DA:319,0
DA:320,0
DA:321,0
DA:322,0
DA:323,0
DA:327,0
DA:328,0
DA:329,0
DA:330,0
DA:333,0
DA:336,0
DA:338,0
DA:341,0
DA:345,0
DA:346,0
DA:347,0
DA:349,0
DA:351,0
DA:352,0
DA:353,0
DA:355,0
DA:356,0
DA:357,0
DA:359,0
DA:360,0
DA:361,0
DA:363,0
DA:364,0
DA:365,0
DA:368,0
DA:373,0
DA:379,0
DA:380,0
DA:387,0
DA:390,0
DA:391,0
DA:392,0
DA:393,0
DA:394,0
DA:395,0
DA:396,0
DA:398,0
DA:401,0
LF:155
LH:0
BRDA:19,0,0,0
BRDA:20,1,0,0
BRDA:21,2,0,0
BRDA:63,3,0,0
BRDA:63,3,1,0
BRDA:83,4,0,0
BRDA:83,4,1,0
BRDA:83,5,0,0
BRDA:83,5,1,0
BRDA:108,6,0,0
BRDA:108,6,1,0
BRDA:119,7,0,0
BRDA:119,7,1,0
BRDA:169,8,0,0
BRDA:170,9,0,0
BRDA:214,10,0,0
BRDA:214,10,1,0
BRDA:264,11,0,0
BRDA:264,11,1,0
BRDA:264,12,0,0
BRDA:264,12,1,0
BRDA:285,13,0,0
BRDA:285,13,1,0
BRDA:294,14,0,0
BRDA:294,14,1,0
BRDA:302,15,0,0
BRDA:302,15,1,0
BRDA:309,16,0,0
BRDA:309,16,1,0
BRDA:336,17,0,0
BRDA:336,17,1,0
BRDA:349,18,0,0
BRDA:349,18,1,0
BRDA:349,18,2,0
BRDA:349,18,3,0
BRDA:391,19,0,0
BRDA:391,19,1,0
BRF:37
BRH:0
end_of_record
TN:
SF:src\store\projectStore.ts
FN:11,createPointShape
FN:40,syncPointsToCanvas
FN:49,(anonymous_2)
FN:50,(anonymous_3)
FN:53,(anonymous_4)
FN:62,(anonymous_5)
FN:97,reprojectShapes
FN:116,getChamberProjectedBottom
FN:188,(anonymous_8)
FN:206,(anonymous_9)
FN:207,(anonymous_10)
FN:208,(anonymous_11)
FN:209,(anonymous_12)
FN:211,(anonymous_13)
FN:220,(anonymous_14)
FN:238,(anonymous_15)
FN:259,(anonymous_16)
FN:294,(anonymous_17)
FN:295,(anonymous_18)
FN:296,(anonymous_19)
FN:306,(anonymous_20)
FN:308,(anonymous_21)
FN:308,(anonymous_22)
FN:314,(anonymous_23)
FN:323,(anonymous_24)
FN:324,(anonymous_25)
FN:325,(anonymous_26)
FN:332,(anonymous_27)
FN:347,(anonymous_28)
FN:348,(anonymous_29)
FN:349,(anonymous_30)
FN:356,(anonymous_31)
FN:381,(anonymous_32)
FN:385,(anonymous_33)
FN:386,(anonymous_34)
FN:395,(anonymous_35)
FN:442,(anonymous_36)
FN:443,(anonymous_37)
FN:459,(anonymous_38)
FN:500,(anonymous_39)
FN:525,(anonymous_40)
FN:526,(anonymous_41)
FN:541,(anonymous_42)
FN:564,(anonymous_43)
FN:577,(anonymous_44)
FN:582,(anonymous_45)
FN:587,(anonymous_46)
FN:592,(anonymous_47)
FN:608,(anonymous_48)
FN:627,(anonymous_49)
FN:646,(anonymous_50)
FNF:51
FNH:31
FNDA:68,createPointShape
FNDA:5,syncPointsToCanvas
FNDA:3,(anonymous_2)
FNDA:1,(anonymous_3)
FNDA:65,(anonymous_4)
FNDA:3,(anonymous_5)
FNDA:0,reprojectShapes
FNDA:5,getChamberProjectedBottom
FNDA:1,(anonymous_8)
FNDA:0,(anonymous_9)
FNDA:0,(anonymous_10)
FNDA:1,(anonymous_11)
FNDA:4,(anonymous_12)
FNDA:4,(anonymous_13)
FNDA:0,(anonymous_14)
FNDA:0,(anonymous_15)
FNDA:0,(anonymous_16)
FNDA:0,(anonymous_17)
FNDA:6,(anonymous_18)
FNDA:6,(anonymous_19)
FNDA:2,(anonymous_20)
FNDA:2,(anonymous_21)
FNDA:3,(anonymous_22)
FNDA:1,(anonymous_23)
FNDA:1,(anonymous_24)
FNDA:1,(anonymous_25)
FNDA:1,(anonymous_26)
FNDA:0,(anonymous_27)
FNDA:0,(anonymous_28)
FNDA:0,(anonymous_29)
FNDA:0,(anonymous_30)
FNDA:0,(anonymous_31)
FNDA:1,(anonymous_32)
FNDA:1,(anonymous_33)
FNDA:0,(anonymous_34)
FNDA:4,(anonymous_35)
FNDA:3,(anonymous_36)
FNDA:1,(anonymous_37)
FNDA:2,(anonymous_38)
FNDA:1,(anonymous_39)
FNDA:0,(anonymous_40)
FNDA:0,(anonymous_41)
FNDA:3,(anonymous_42)
FNDA:0,(anonymous_43)
FNDA:2,(anonymous_44)
FNDA:1,(anonymous_45)
FNDA:0,(anonymous_46)
FNDA:0,(anonymous_47)
FNDA:2,(anonymous_48)
FNDA:0,(anonymous_49)
FNDA:0,(anonymous_50)
DA:18,68
DA:19,68
DA:25,68
DA:26,68
DA:49,5
DA:50,5
DA:53,5
DA:54,65
DA:58,5
DA:61,5
DA:62,5
DA:64,5
DA:66,0
DA:67,0
DA:68,0
DA:69,0
DA:70,0
DA:77,5
DA:78,5
DA:79,5
DA:80,5
DA:81,5
DA:82,5
DA:83,5
DA:93,5
DA:98,0
DA:99,0
DA:100,0
DA:101,0
DA:102,0
DA:103,0
DA:104,0
DA:105,0
DA:106,0
DA:117,5
DA:118,5
DA:119,5
DA:129,5
DA:130,5
DA:131,40
DA:132,40
DA:134,5
DA:182,1
DA:188,1
DA:206,0
DA:207,0
DA:208,1
DA:210,4
DA:211,4
DA:217,4
DA:219,1
DA:220,1
DA:223,1
DA:224,1
DA:235,1
DA:239,0
DA:240,0
DA:242,0
DA:243,0
DA:251,0
DA:253,0
DA:255,0
DA:259,0
DA:268,0
DA:270,0
DA:277,0
DA:278,0
DA:284,0
DA:294,0
DA:296,6
DA:297,6
DA:298,6
DA:299,6
DA:300,0
DA:303,0
DA:307,2
DA:308,3
DA:309,2
DA:310,2
DA:312,1
DA:315,1
DA:317,1
DA:320,0
DA:324,1
DA:325,1
DA:327,1
DA:328,1
DA:329,1
DA:330,0
DA:333,0
DA:335,0
DA:336,0
DA:344,0
DA:348,0
DA:349,0
DA:351,0
DA:352,0
DA:353,0
DA:354,0
DA:357,0
DA:359,0
DA:360,0
DA:361,0
DA:367,0
DA:378,0
DA:382,1
DA:383,1
DA:385,1
DA:387,0
DA:389,0
DA:390,0
DA:391,0
DA:396,4
DA:405,4
DA:406,4
DA:407,4
DA:408,4
DA:409,3
DA:410,3
DA:412,3
DA:413,0
DA:418,3
DA:419,0
DA:424,3
DA:425,1
DA:434,4
DA:439,4
DA:442,4
DA:443,4
DA:445,4
DA:446,4
DA:455,0
DA:460,2
DA:461,2
DA:464,2
DA:465,2
DA:466,2
DA:469,2
DA:470,0
DA:471,0
DA:472,0
DA:473,0
DA:474,0
DA:475,0
DA:476,0
DA:480,0
DA:485,2
DA:501,1
DA:508,1
DA:509,1
DA:510,1
DA:511,0
DA:512,0
DA:513,0
DA:522,1
DA:524,1
DA:525,1
DA:526,1
DA:527,1
DA:528,1
DA:537,0
DA:542,3
DA:556,3
DA:557,3
DA:559,1
DA:560,1
DA:562,2
DA:563,2
DA:564,2
DA:566,2
DA:567,2
DA:574,2
DA:577,2
DA:578,2
DA:582,2
DA:583,1
DA:587,2
DA:588,0
DA:592,2
DA:593,0
DA:597,2
DA:598,1
DA:609,2
DA:610,2
DA:620,2
DA:621,1
DA:622,1
DA:624,1
DA:626,1
DA:627,1
DA:630,1
DA:631,1
DA:642,1
DA:647,0
DA:648,0
DA:650,0
DA:651,0
DA:652,0
DA:653,0
DA:654,0
DA:655,0
LF:201
LH:122
BRDA:16,0,0,68
BRDA:46,1,0,5
BRDA:64,2,0,0
BRDA:64,2,1,5
BRDA:64,3,0,5
BRDA:64,3,1,0
BRDA:67,4,0,0
BRDA:67,4,1,0
BRDA:68,5,0,0
BRDA:68,5,1,0
BRDA:77,6,0,0
BRDA:77,6,1,5
BRDA:80,7,0,5
BRDA:80,7,1,0
BRDA:81,8,0,5
BRDA:81,8,1,0
BRDA:102,9,0,0
BRDA:102,9,1,0
BRDA:104,10,0,0
BRDA:104,10,1,0
BRDA:132,11,0,15
BRDA:132,11,1,25
BRDA:217,12,0,1
BRDA:217,12,1,3
BRDA:246,13,0,0
BRDA:246,13,1,0
BRDA:251,14,0,0
BRDA:251,14,1,0
BRDA:251,15,0,0
BRDA:251,15,1,0
BRDA:253,16,0,0
BRDA:253,16,1,0
BRDA:253,17,0,0
BRDA:253,17,1,0
BRDA:255,18,0,0
BRDA:255,18,1,0
BRDA:256,19,0,0
BRDA:256,19,1,0
BRDA:277,20,0,0
BRDA:277,20,1,0
BRDA:277,21,0,0
BRDA:277,21,1,0
BRDA:299,22,0,0
BRDA:299,22,1,6
BRDA:299,23,0,6
BRDA:299,23,1,1
BRDA:310,24,0,1
BRDA:310,24,1,1
BRDA:315,25,0,1
BRDA:315,25,1,1
BRDA:315,25,2,1
BRDA:317,26,0,1
BRDA:317,26,1,0
BRDA:325,27,0,1
BRDA:325,27,1,0
BRDA:329,28,0,0
BRDA:329,28,1,1
BRDA:333,29,0,0
BRDA:333,29,1,0
BRDA:333,29,2,0
BRDA:335,30,0,0
BRDA:335,30,1,0
BRDA:335,31,0,0
BRDA:335,31,1,0
BRDA:349,32,0,0
BRDA:349,32,1,0
BRDA:353,33,0,0
BRDA:353,33,1,0
BRDA:357,34,0,0
BRDA:357,34,1,0
BRDA:357,34,2,0
BRDA:359,35,0,0
BRDA:359,35,1,0
BRDA:359,36,0,0
BRDA:359,36,1,0
BRDA:390,37,0,0
BRDA:390,37,1,0
BRDA:406,38,0,4
BRDA:406,38,1,0
BRDA:409,39,0,0
BRDA:409,39,1,3
BRDA:409,40,0,3
BRDA:409,40,1,3
BRDA:412,41,0,0
BRDA:412,41,1,3
BRDA:412,42,0,3
BRDA:412,42,1,1
BRDA:415,43,0,0
BRDA:415,43,1,0
BRDA:418,44,0,0
BRDA:418,44,1,3
BRDA:418,45,0,3
BRDA:418,45,1,0
BRDA:421,46,0,0
BRDA:421,46,1,0
BRDA:424,47,0,1
BRDA:424,47,1,2
BRDA:424,48,0,3
BRDA:424,48,1,1
BRDA:427,49,0,1
BRDA:427,49,1,0
BRDA:434,50,0,4
BRDA:434,50,1,0
BRDA:435,51,0,4
BRDA:435,51,1,4
BRDA:439,52,0,4
BRDA:439,52,1,0
BRDA:439,53,0,4
BRDA:439,53,1,4
BRDA:469,54,0,0
BRDA:469,54,1,2
BRDA:471,55,0,0
BRDA:471,55,1,0
BRDA:471,56,0,0
BRDA:471,56,1,0
BRDA:473,57,0,0
BRDA:473,57,1,0
BRDA:474,58,0,0
BRDA:474,58,1,0
BRDA:475,59,0,0
BRDA:475,59,1,0
BRDA:476,60,0,0
BRDA:476,60,1,0
BRDA:477,61,0,0
BRDA:477,61,1,0
BRDA:490,62,0,2
BRDA:490,62,1,1
BRDA:509,63,0,1
BRDA:509,63,1,0
BRDA:511,64,0,0
BRDA:511,64,1,0
BRDA:511,65,0,0
BRDA:511,65,1,0
BRDA:515,66,0,0
BRDA:515,66,1,0
BRDA:524,67,0,1
BRDA:524,67,1,0
BRDA:524,68,0,1
BRDA:524,68,1,1
BRDA:548,69,0,0
BRDA:548,69,1,3
BRDA:557,70,0,1
BRDA:557,70,1,2
BRDA:562,71,0,2
BRDA:562,71,1,0
BRDA:582,72,0,2
BRDA:582,72,1,1
BRDA:587,73,0,2
BRDA:587,73,1,2
BRDA:592,74,0,2
BRDA:592,74,1,2
BRDA:597,75,0,1
BRDA:597,75,1,1
BRDA:620,76,0,1
BRDA:620,76,1,1
BRDA:624,77,0,1
BRDA:624,77,1,0
BRDA:648,78,0,0
BRDA:648,78,1,0
BRDA:650,79,0,0
BRDA:650,79,1,0
BRDA:653,80,0,0
BRDA:653,80,1,0
BRF:163
BRH:64
end_of_record
TN:
SF:src\templates\builtin.ts
FNF:0
FNH:0
DA:3,1
LF:1
LH:1
BRF:0
BRH:0
end_of_record
TN:
SF:src\tools\BuiltInProbeTool.tsx
FN:8,onEnter
FN:12,onPointerDown
FN:16,onCancel
FN:24,onEnter_2
FN:29,(anonymous_4)
FN:40,(anonymous_5)
FN:66,onPointerUp
FN:70,onInterrupt
FN:74,onCancel_2
FN:78,complete
FN:83,cancel
FN:92,children
FNF:12
FNH:0
FNDA:0,onEnter
FNDA:0,onPointerDown
FNDA:0,onCancel
FNDA:0,onEnter_2
FNDA:0,(anonymous_4)
FNDA:0,(anonymous_5)
FNDA:0,onPointerUp
FNDA:0,onInterrupt
FNDA:0,onCancel_2
FNDA:0,complete
FNDA:0,cancel
FNDA:0,children
DA:6,0
DA:9,0
DA:13,0
DA:17,0
DA:22,0
DA:25,0
DA:26,0
DA:29,0
DA:30,0
DA:31,0
DA:32,0
DA:33,0
DA:34,0
DA:37,0
DA:39,0
DA:40,0
DA:42,0
DA:43,0
DA:44,0
DA:62,0
DA:63,0
DA:67,0
DA:71,0
DA:75,0
DA:80,0
DA:84,0
DA:85,0
DA:90,0
DA:91,0
DA:93,0
LF:30
LH:0
BRDA:33,0,0,0
BRDA:33,0,1,0
BRDA:48,1,0,0
BRDA:48,1,1,0
BRDA:49,2,0,0
BRDA:49,2,1,0
BRF:6
BRH:0
end_of_record
TN:
SF:src\tools\DrainPortTool.tsx
FN:8,onEnter
FN:12,onPointerDown
FN:16,onCancel
FN:24,onEnter_2
FN:29,(anonymous_4)
FN:41,(anonymous_5)
FN:67,onPointerUp
FN:71,onInterrupt
FN:75,onCancel_2
FN:79,complete
FN:84,cancel
FN:93,children
FNF:12
FNH:0
FNDA:0,onEnter
FNDA:0,onPointerDown
FNDA:0,onCancel
FNDA:0,onEnter_2
FNDA:0,(anonymous_4)
FNDA:0,(anonymous_5)
FNDA:0,onPointerUp
FNDA:0,onInterrupt
FNDA:0,onCancel_2
FNDA:0,complete
FNDA:0,cancel
FNDA:0,children
DA:6,0
DA:9,0
DA:13,0
DA:17,0
DA:22,0
DA:25,0
DA:26,0
DA:29,0
DA:30,0
DA:31,0
DA:32,0
DA:33,0
DA:34,0
DA:35,0
DA:38,0
DA:40,0
DA:41,0
DA:43,0
DA:44,0
DA:45,0
DA:63,0
DA:64,0
DA:68,0
DA:72,0
DA:76,0
DA:81,0
DA:85,0
DA:86,0
DA:91,0
DA:92,0
DA:94,0
LF:31
LH:0
BRDA:33,0,0,0
BRDA:33,0,1,0
BRDA:34,1,0,0
BRDA:34,1,1,0
BRDA:38,2,0,0
BRDA:38,2,1,0
BRDA:49,3,0,0
BRDA:49,3,1,0
BRDA:50,4,0,0
BRDA:50,4,1,0
BRF:10
BRH:0
end_of_record
TN:
SF:src\tools\InletPortTool.tsx
FN:8,onEnter
FN:12,onPointerDown
FN:16,onCancel
FN:24,onEnter_2
FN:29,(anonymous_4)
FN:41,(anonymous_5)
FN:67,onPointerUp
FN:71,onInterrupt
FN:75,onCancel_2
FN:79,complete
FN:84,cancel
FN:93,children
FNF:12
FNH:0
FNDA:0,onEnter
FNDA:0,onPointerDown
FNDA:0,onCancel
FNDA:0,onEnter_2
FNDA:0,(anonymous_4)
FNDA:0,(anonymous_5)
FNDA:0,onPointerUp
FNDA:0,onInterrupt
FNDA:0,onCancel_2
FNDA:0,complete
FNDA:0,cancel
FNDA:0,children
DA:6,0
DA:9,0
DA:13,0
DA:17,0
DA:22,0
DA:25,0
DA:26,0
DA:29,0
DA:30,0
DA:31,0
DA:32,0
DA:33,0
DA:34,0
DA:35,0
DA:38,0
DA:40,0
DA:41,0
DA:43,0
DA:44,0
DA:45,0
DA:63,0
DA:64,0
DA:68,0
DA:72,0
DA:76,0
DA:81,0
DA:85,0
DA:86,0
DA:91,0
DA:92,0
DA:94,0
LF:31
LH:0
BRDA:33,0,0,0
BRDA:33,0,1,0
BRDA:34,1,0,0
BRDA:34,1,1,0
BRDA:38,2,0,0
BRDA:38,2,1,0
BRDA:49,3,0,0
BRDA:49,3,1,0
BRDA:50,4,0,0
BRDA:50,4,1,0
BRF:10
BRH:0
end_of_record
TN:
SF:src\tools\ProbePointTool.tsx
FN:10,onEnter
FN:14,onPointerDown
FN:18,onCancel
FN:28,onEnter_2
FN:33,(anonymous_4)
FN:46,(anonymous_5)
FN:69,onPointerUp
FN:73,onInterrupt
FN:77,onCancel_2
FN:81,complete
FN:86,cancel
FN:97,children
FNF:12
FNH:0
FNDA:0,onEnter
FNDA:0,onPointerDown
FNDA:0,onCancel
FNDA:0,onEnter_2
FNDA:0,(anonymous_4)
FNDA:0,(anonymous_5)
FNDA:0,onPointerUp
FNDA:0,onInterrupt
FNDA:0,onCancel_2
FNDA:0,complete
FNDA:0,cancel
FNDA:0,children
DA:8,0
DA:11,0
DA:15,0
DA:19,0
DA:26,0
DA:29,0
DA:30,0
DA:33,0
DA:34,0
DA:35,0
DA:36,0
DA:37,0
DA:38,0
DA:41,0
DA:43,0
DA:44,0
DA:45,0
DA:46,0
DA:48,0
DA:65,0
DA:66,0
DA:70,0
DA:74,0
DA:78,0
DA:83,0
DA:87,0
DA:88,0
DA:95,0
DA:96,0
DA:98,0
LF:30
LH:0
BRDA:37,0,0,0
BRDA:37,0,1,0
BRDA:52,1,0,0
BRDA:52,1,1,0
BRDA:53,2,0,0
BRDA:53,2,1,0
BRF:6
BRH:0
end_of_record
TN:
SF:src\tools\coordBridge.ts
FN:9,findChamberShape
FN:10,(anonymous_1)
FN:13,pagePointToChamber3D
FNF:3
FNH:3
FNDA:4,findChamberShape
FNDA:3,(anonymous_1)
FNDA:4,pagePointToChamber3D
DA:6,1
DA:7,1
DA:10,4
DA:14,4
DA:15,4
DA:16,4
DA:18,4
DA:19,4
DA:21,4
DA:23,4
DA:25,4
LF:11
LH:11
BRDA:15,0,0,4
BRDA:15,0,1,1
BRDA:16,1,0,4
BRDA:16,1,1,1
BRF:4
BRH:4
end_of_record
TN:
SF:src\types\index.ts
FN:162,hasPointData
FNF:1
FNH:1
FNDA:4,hasPointData
DA:154,1
DA:166,4
LF:2
LH:2
BRDA:167,0,0,4
BRDA:167,0,1,4
BRDA:167,0,2,4
BRF:3
BRH:3
end_of_record
TN:
SF:src\utils\description.ts
FN:9,verticalLabel
FN:19,horizontalLabel
FN:26,depthLabel
FN:33,positionLabel
FN:45,distance3D
FN:52,nearbyTypeLabel
FN:73,findNearbySpecial
FN:103,generatePlacementDescription
FNF:8
FNH:8
FNDA:25,verticalLabel
FNDA:25,horizontalLabel
FNDA:25,depthLabel
FNDA:25,positionLabel
FNDA:9,distance3D
FNDA:25,nearbyTypeLabel
FNDA:25,findNearbySpecial
FNDA:21,generatePlacementDescription
DA:10,25
DA:11,24
DA:12,24
DA:14,3
DA:15,2
DA:16,1
DA:20,25
DA:21,25
DA:22,18
DA:23,4
DA:27,25
DA:28,25
DA:29,19
DA:30,6
DA:34,25
DA:35,25
DA:36,25
DA:37,25
DA:40,25
DA:41,12
DA:42,11
DA:46,9
DA:47,9
DA:48,9
DA:49,9
DA:53,25
DA:55,1
DA:57,1
DA:59,1
DA:61,1
DA:63,1
DA:65,1
DA:67,1
DA:69,18
DA:79,25
DA:80,25
DA:83,18
DA:84,9
DA:85,9
DA:86,5
DA:88,1
DA:90,1
DA:92,1
DA:94,1
DA:96,1
DA:100,13
DA:108,21
DA:109,21
DA:111,21
DA:117,21
DA:118,25
DA:119,25
DA:120,25
DA:121,25
DA:124,21
DA:125,21
DA:127,21
LF:57
LH:57
BRDA:10,0,0,1
BRDA:10,0,1,24
BRDA:12,1,0,21
BRDA:12,1,1,3
BRDA:12,2,0,6
BRDA:12,2,1,15
BRDA:14,3,0,1
BRDA:14,3,1,2
BRDA:15,4,0,1
BRDA:15,4,1,1
BRDA:21,5,0,7
BRDA:21,5,1,18
BRDA:22,6,0,14
BRDA:22,6,1,4
BRDA:28,7,0,6
BRDA:28,7,1,19
BRDA:29,8,0,13
BRDA:29,8,1,6
BRDA:34,9,0,25
BRDA:40,10,0,13
BRDA:40,10,1,12
BRDA:40,11,0,25
BRDA:40,11,1,14
BRDA:41,12,0,1
BRDA:41,12,1,11
BRDA:41,13,0,12
BRDA:41,13,1,1
BRDA:53,14,0,1
BRDA:53,14,1,1
BRDA:53,14,2,1
BRDA:53,14,3,1
BRDA:53,14,4,1
BRDA:53,14,5,1
BRDA:53,14,6,1
BRDA:53,14,7,18
BRDA:76,15,0,25
BRDA:79,16,0,25
BRDA:79,16,1,18
BRDA:80,17,0,7
BRDA:80,17,1,18
BRDA:85,18,0,5
BRDA:85,18,1,4
BRDA:86,19,0,1
BRDA:86,19,1,1
BRDA:86,19,2,1
BRDA:86,19,3,1
BRDA:86,19,4,1
BRDA:106,20,0,21
BRDA:109,21,0,21
BRDA:120,22,0,12
BRDA:120,22,1,13
BRF:51
BRH:51
end_of_record
TN:
SF:src\utils\fileIO.ts
FN:8,validateProjectData
FN:48,saveProjectToFile
FN:67,(anonymous_2)
FN:72,loadProjectFromFile
FN:81,(anonymous_4)
FN:85,(anonymous_5)
FN:92,(anonymous_6)
FN:93,(anonymous_7)
FN:112,getRecentProjects
FN:121,addToRecent
FN:124,(anonymous_10)
FNF:11
FNH:5
FNDA:0,validateProjectData
FNDA:19,saveProjectToFile
FNDA:1,(anonymous_2)
FNDA:0,loadProjectFromFile
FNDA:0,(anonymous_4)
FNDA:0,(anonymous_5)
FNDA:0,(anonymous_6)
FNDA:0,(anonymous_7)
FNDA:26,getRecentProjects
FNDA:19,addToRecent
FNDA:67,(anonymous_10)
DA:3,1
DA:4,1
DA:5,1
DA:6,1
DA:9,0
DA:10,0
DA:13,0
DA:16,0
DA:19,0
DA:20,0
DA:21,0
DA:22,0
DA:23,0
DA:24,0
DA:25,0
DA:26,0
DA:27,0
DA:30,0
DA:31,0
DA:32,0
DA:33,0
DA:34,0
DA:35,0
DA:36,0
DA:37,0
DA:38,0
DA:42,0
DA:43,0
DA:45,0
DA:49,19
DA:51,19
DA:52,0
DA:53,0
DA:54,0
DA:55,0
DA:57,0
DA:61,19
DA:62,19
DA:63,19
DA:64,19
DA:65,19
DA:66,19
DA:67,19
DA:68,19
DA:69,19
DA:75,0
DA:76,0
DA:77,0
DA:78,0
DA:81,0
DA:82,0
DA:83,0
DA:84,0
DA:85,0
DA:86,0
DA:87,0
DA:88,0
DA:89,0
DA:92,0
DA:93,0
DA:94,0
DA:95,0
DA:99,0
DA:100,0
DA:104,0
DA:105,0
DA:106,0
DA:108,0
DA:109,0
DA:113,26
DA:114,26
DA:115,26
DA:117,1
DA:122,19
DA:124,19
DA:125,67
DA:127,2
DA:129,19
DA:130,19
DA:132,0
DA:133,0
DA:135,0
LF:82
LH:25
BRDA:9,0,0,0
BRDA:9,0,1,0
BRDA:9,1,0,0
BRDA:9,1,1,0
BRDA:13,2,0,0
BRDA:13,2,1,0
BRDA:13,3,0,0
BRDA:13,3,1,0
BRDA:16,4,0,0
BRDA:16,4,1,0
BRDA:16,5,0,0
BRDA:16,5,1,0
BRDA:19,6,0,0
BRDA:19,6,1,0
BRDA:19,7,0,0
BRDA:19,7,1,0
BRDA:21,8,0,0
BRDA:21,8,1,0
BRDA:21,9,0,0
BRDA:21,9,1,0
BRDA:21,9,2,0
BRDA:23,10,0,0
BRDA:23,10,1,0
BRDA:23,11,0,0
BRDA:23,11,1,0
BRDA:25,12,0,0
BRDA:25,12,1,0
BRDA:25,13,0,0
BRDA:25,13,1,0
BRDA:26,14,0,0
BRDA:26,14,1,0
BRDA:26,15,0,0
BRDA:26,15,1,0
BRDA:27,16,0,0
BRDA:27,16,1,0
BRDA:27,17,0,0
BRDA:27,17,1,0
BRDA:30,18,0,0
BRDA:30,18,1,0
BRDA:32,19,0,0
BRDA:32,19,1,0
BRDA:32,20,0,0
BRDA:32,20,1,0
BRDA:34,21,0,0
BRDA:34,21,1,0
BRDA:35,22,0,0
BRDA:35,22,1,0
BRDA:35,23,0,0
BRDA:35,23,1,0
BRDA:37,24,0,0
BRDA:37,24,1,0
BRDA:37,25,0,0
BRDA:37,25,1,0
BRDA:37,25,2,0
BRDA:42,26,0,0
BRDA:42,26,1,0
BRDA:42,27,0,0
BRDA:42,27,1,0
BRDA:43,28,0,0
BRDA:43,28,1,0
BRDA:43,29,0,0
BRDA:43,29,1,0
BRDA:51,30,0,0
BRDA:51,30,1,19
BRDA:53,31,0,0
BRDA:53,31,1,0
BRDA:75,32,0,0
BRDA:75,32,1,0
BRDA:77,33,0,0
BRDA:77,33,1,0
BRDA:87,34,0,0
BRDA:87,34,1,0
BRDA:94,35,0,0
BRDA:94,35,1,0
BRDA:105,36,0,0
BRDA:105,36,1,0
BRDA:115,37,0,19
BRDA:115,37,1,7
BRDA:125,38,0,65
BRDA:125,38,1,2
BRDA:132,39,0,0
BRDA:132,39,1,0
BRDA:132,40,0,0
BRDA:132,40,1,0
BRF:84
BRH:5
end_of_record
